app/build/intermediates/manifest_merge_blame_file/debug/manifest-merger-blame-debug-report.txt
1<?xml version="1.0" encoding="utf-8"?>
2<manifest xmlns:android="http://schemas.android.com/apk/res/android"
3    package="org.nstu.bus_tracker"
4    android:versionCode="1"
5    android:versionName="1.0" >
6
7    <uses-sdk
8        android:minSdkVersion="16"
8-->src\main\AndroidManifest.xml
9        android:targetSdkVersion="33" />
9-->src\main\AndroidManifest.xml
10
11    <uses-permission android:name="android.permission.ACCESS_FINE_LOCATION" />
11-->src\main\AndroidManifest.xml:4:5-79
11-->src\main\AndroidManifest.xml:4:22-76
12    <uses-permission android:name="android.permission.ACCESS_COARSE_LOCATION" />
12-->src\main\AndroidManifest.xml:5:5-81
12-->src\main\AndroidManifest.xml:5:22-78
13    <uses-permission android:name="android.permission.FOREGROUND_SERVICE" />
13-->src\main\AndroidManifest.xml:6:5-77
13-->src\main\AndroidManifest.xml:6:22-74
14    <uses-permission android:name="android.permission.FOREGROUND_SERVICE_LOCATION" />
14-->src\main\AndroidManifest.xml:7:5-86
14-->src\main\AndroidManifest.xml:7:22-83
15    <uses-permission android:name="android.permission.ACCESS_BACKGROUND_LOCATION" />
15-->src\main\AndroidManifest.xml:8:5-85
15-->src\main\AndroidManifest.xml:8:22-82
16    <uses-permission android:name="android.permission.POST_NOTIFICATIONS" />
16-->src\main\AndroidManifest.xml:9:5-76
16-->src\main\AndroidManifest.xml:9:22-74
17    <uses-permission android:name="android.permission.INTERNET" />
17-->src\main\AndroidManifest.xml:10:5-67
17-->src\main\AndroidManifest.xml:10:22-64
18    <uses-permission android:name="android.permission.ACCESS_NETWORK_STATE" />
18-->src\main\AndroidManifest.xml:11:5-79
18-->src\main\AndroidManifest.xml:11:22-76
19
20    <uses-feature
20-->[com.google.android.gms:play-services-maps:12.0.0] AndroidManifest.xml:26:5-28:35
21        android:glEsVersion="0x00020000"
21-->[com.google.android.gms:play-services-maps:12.0.0] AndroidManifest.xml:27:9-41
22        android:required="true" />
22-->[com.google.android.gms:play-services-maps:12.0.0] AndroidManifest.xml:28:9-32
23
24    <uses-permission android:name="android.permission.WAKE_LOCK" /> <!-- Required by older versions of Google Play services to create IID tokens -->
24-->[com.google.firebase:firebase-analytics:12.0.0] AndroidManifest.xml:25:5-68
24-->[com.google.firebase:firebase-analytics:12.0.0] AndroidManifest.xml:25:22-65
25    <uses-permission android:name="com.google.android.c2dm.permission.RECEIVE" />
25-->[com.google.firebase:firebase-iid:12.0.0] AndroidManifest.xml:26:5-82
25-->[com.google.firebase:firebase-iid:12.0.0] AndroidManifest.xml:26:22-79
26
27    <permission
27-->[com.google.firebase:firebase-iid:12.0.0] AndroidManifest.xml:28:5-30:47
28        android:name="org.nstu.bus_tracker.permission.C2D_MESSAGE"
28-->[com.google.firebase:firebase-iid:12.0.0] AndroidManifest.xml:29:9-63
29        android:protectionLevel="signature" />
29-->[com.google.firebase:firebase-iid:12.0.0] AndroidManifest.xml:30:9-44
30
31    <uses-permission android:name="org.nstu.bus_tracker.permission.C2D_MESSAGE" />
31-->[com.google.firebase:firebase-iid:12.0.0] AndroidManifest.xml:32:5-79
31-->[com.google.firebase:firebase-iid:12.0.0] AndroidManifest.xml:32:22-76
32    <uses-permission android:name="android.permission.WRITE_EXTERNAL_STORAGE" />
33    <uses-permission android:name="android.permission.READ_PHONE_STATE" />
34    <uses-permission android:name="android.permission.READ_EXTERNAL_STORAGE" />
35
36    <application
36-->src\main\AndroidManifest.xml:13:5-55:19
37        android:allowBackup="true"
37-->src\main\AndroidManifest.xml:14:9-35
38        android:debuggable="true"
39        android:icon="@mipmap/ic_launcher"
39-->src\main\AndroidManifest.xml:15:9-43
40        android:label="@string/app_name"
40-->src\main\AndroidManifest.xml:16:9-41
41        android:supportsRtl="true"
41-->[com.github.GwonHyeok:StickySwitch:0.0.15] AndroidManifest.xml:14:9-35
42        android:testOnly="true"
43        android:theme="@style/AppTheme" >
43-->src\main\AndroidManifest.xml:17:9-40
44        <meta-data
44-->src\main\AndroidManifest.xml:18:9-20:55
45            android:name="com.google.android.geo.API_KEY"
45-->src\main\AndroidManifest.xml:19:13-58
46            android:value="@string/google_maps_key" />
46-->src\main\AndroidManifest.xml:20:13-52
47
48        <uses-library
48-->src\main\AndroidManifest.xml:21:9-87
49            android:name="org.apache.http.legacy"
49-->src\main\AndroidManifest.xml:21:23-60
50            android:required="false" />
50-->src\main\AndroidManifest.xml:21:61-85
51
52        <activity
52-->src\main\AndroidManifest.xml:22:9-26:52
53            android:name="org.nstu.bus_tracker.MyLocationDemoActivity"
53-->src\main\AndroidManifest.xml:24:13-51
54            android:exported="true"
54-->src\main\AndroidManifest.xml:23:13-36
55            android:label="@string/app_name"
55-->src\main\AndroidManifest.xml:25:13-45
56            android:screenOrientation="portrait" />
56-->src\main\AndroidManifest.xml:26:13-49
57        <activity
57-->src\main\AndroidManifest.xml:27:9-33:20
58            android:name="org.nstu.bus_tracker.LauncherActivity"
58-->src\main\AndroidManifest.xml:27:43-75
59            android:exported="true" >
59-->src\main\AndroidManifest.xml:27:19-42
60            <intent-filter>
60-->src\main\AndroidManifest.xml:28:13-32:29
61                <action android:name="android.intent.action.MAIN" />
61-->src\main\AndroidManifest.xml:29:17-69
61-->src\main\AndroidManifest.xml:29:25-66
62
63                <category android:name="android.intent.category.LAUNCHER" />
63-->src\main\AndroidManifest.xml:31:17-77
63-->src\main\AndroidManifest.xml:31:27-74
64            </intent-filter>
65        </activity>
66        <activity
66-->src\main\AndroidManifest.xml:34:9-37:66
67            android:name="org.nstu.bus_tracker.MapActivity"
67-->src\main\AndroidManifest.xml:36:13-40
68            android:exported="true"
68-->src\main\AndroidManifest.xml:35:13-36
69            android:theme="@style/Theme.AppCompat.NoActionBar" />
69-->src\main\AndroidManifest.xml:37:13-63
70        <activity android:name="org.nstu.bus_tracker.HiveMainActivity" />
70-->src\main\AndroidManifest.xml:38:9-54
70-->src\main\AndroidManifest.xml:38:19-51
71
72        <service
72-->src\main\AndroidManifest.xml:40:9-43:39
73            android:name="org.nstu.bus_tracker.LocationUpdateService"
73-->src\main\AndroidManifest.xml:41:13-50
74            android:enabled="true"
74-->src\main\AndroidManifest.xml:42:13-35
75            android:exported="true" />
75-->src\main\AndroidManifest.xml:43:13-36
76
77        <receiver
77-->src\main\AndroidManifest.xml:45:9-54:20
78            android:name="org.nstu.bus_tracker.AppRemovalReceiver"
78-->src\main\AndroidManifest.xml:46:13-47
79            android:enabled="true"
79-->src\main\AndroidManifest.xml:47:13-35
80            android:exported="true" >
80-->src\main\AndroidManifest.xml:48:13-36
81            <intent-filter>
81-->src\main\AndroidManifest.xml:49:13-53:29
82                <action android:name="android.intent.action.PACKAGE_REMOVED" />
82-->src\main\AndroidManifest.xml:50:17-80
82-->src\main\AndroidManifest.xml:50:25-77
83
84                <data android:scheme="package" />
84-->src\main\AndroidManifest.xml:52:17-50
84-->src\main\AndroidManifest.xml:52:23-47
85            </intent-filter>
86        </receiver>
87
88        <activity
88-->[com.google.android.gms:play-services-auth:12.0.0] AndroidManifest.xml:23:9-27:75
89            android:name="com.google.android.gms.auth.api.signin.internal.SignInHubActivity"
89-->[com.google.android.gms:play-services-auth:12.0.0] AndroidManifest.xml:24:13-93
90            android:excludeFromRecents="true"
90-->[com.google.android.gms:play-services-auth:12.0.0] AndroidManifest.xml:25:13-46
91            android:exported="false"
91-->[com.google.android.gms:play-services-auth:12.0.0] AndroidManifest.xml:26:13-37
92            android:theme="@android:style/Theme.Translucent.NoTitleBar" />
92-->[com.google.android.gms:play-services-auth:12.0.0] AndroidManifest.xml:27:13-72
93        <!--
94            Service handling Google Sign-In user revocation. For apps that do not integrate with
95            Google Sign-In, this service will never be started.
96        -->
97        <service
97-->[com.google.android.gms:play-services-auth:12.0.0] AndroidManifest.xml:33:9-36:110
98            android:name="com.google.android.gms.auth.api.signin.RevocationBoundService"
98-->[com.google.android.gms:play-services-auth:12.0.0] AndroidManifest.xml:34:13-89
99            android:exported="true"
99-->[com.google.android.gms:play-services-auth:12.0.0] AndroidManifest.xml:35:13-36
100            android:permission="com.google.android.gms.auth.api.signin.permission.REVOCATION_NOTIFICATION" />
100-->[com.google.android.gms:play-services-auth:12.0.0] AndroidManifest.xml:36:13-107
101
102        <activity
102-->[com.google.firebase:firebase-auth:12.0.0] AndroidManifest.xml:23:9-29:75
103            android:name="com.google.firebase.auth.internal.FederatedSignInActivity"
103-->[com.google.firebase:firebase-auth:12.0.0] AndroidManifest.xml:24:13-85
104            android:excludeFromRecents="true"
104-->[com.google.firebase:firebase-auth:12.0.0] AndroidManifest.xml:25:13-46
105            android:exported="true"
105-->[com.google.firebase:firebase-auth:12.0.0] AndroidManifest.xml:26:13-36
106            android:launchMode="singleInstance"
106-->[com.google.firebase:firebase-auth:12.0.0] AndroidManifest.xml:27:13-48
107            android:permission="com.google.firebase.auth.api.gms.permission.LAUNCH_FEDERATED_SIGN_IN"
107-->[com.google.firebase:firebase-auth:12.0.0] AndroidManifest.xml:28:13-102
108            android:theme="@android:style/Theme.Translucent.NoTitleBar" />
108-->[com.google.firebase:firebase-auth:12.0.0] AndroidManifest.xml:29:13-72
109        <!--
110             FirebaseMessagingService performs security checks at runtime,
111             no need for explicit permissions despite exported="true"
112        -->
113        <service
113-->[com.google.firebase:firebase-messaging:12.0.0] AndroidManifest.xml:28:9-34:19
114            android:name="com.google.firebase.messaging.FirebaseMessagingService"
114-->[com.google.firebase:firebase-messaging:12.0.0] AndroidManifest.xml:29:13-82
115            android:exported="true" >
115-->[com.google.firebase:firebase-messaging:12.0.0] AndroidManifest.xml:30:13-36
116            <intent-filter android:priority="-500" >
116-->[com.google.firebase:firebase-messaging:12.0.0] AndroidManifest.xml:31:13-33:29
116-->[com.google.firebase:firebase-messaging:12.0.0] AndroidManifest.xml:31:28-51
117                <action android:name="com.google.firebase.MESSAGING_EVENT" />
117-->[com.google.firebase:firebase-messaging:12.0.0] AndroidManifest.xml:32:17-78
117-->[com.google.firebase:firebase-messaging:12.0.0] AndroidManifest.xml:32:25-75
118            </intent-filter>
119        </service>
120
121        <receiver
121-->[com.google.firebase:firebase-analytics:12.0.0] AndroidManifest.xml:28:9-32:20
122            android:name="com.google.android.gms.measurement.AppMeasurementReceiver"
122-->[com.google.firebase:firebase-analytics:12.0.0] AndroidManifest.xml:29:13-85
123            android:enabled="true"
123-->[com.google.firebase:firebase-analytics:12.0.0] AndroidManifest.xml:30:13-35
124            android:exported="false" >
124-->[com.google.firebase:firebase-analytics:12.0.0] AndroidManifest.xml:31:13-37
125        </receiver>
126        <receiver
126-->[com.google.firebase:firebase-analytics:12.0.0] AndroidManifest.xml:33:9-41:20
127            android:name="com.google.android.gms.measurement.AppMeasurementInstallReferrerReceiver"
127-->[com.google.firebase:firebase-analytics:12.0.0] AndroidManifest.xml:34:13-100
128            android:enabled="true"
128-->[com.google.firebase:firebase-analytics:12.0.0] AndroidManifest.xml:35:13-35
129            android:exported="true"
129-->[com.google.firebase:firebase-analytics:12.0.0] AndroidManifest.xml:36:13-36
130            android:permission="android.permission.INSTALL_PACKAGES" >
130-->[com.google.firebase:firebase-analytics:12.0.0] AndroidManifest.xml:37:13-69
131            <intent-filter>
131-->[com.google.firebase:firebase-analytics:12.0.0] AndroidManifest.xml:38:13-40:29
132                <action android:name="com.android.vending.INSTALL_REFERRER" />
132-->[com.google.firebase:firebase-analytics:12.0.0] AndroidManifest.xml:39:17-79
132-->[com.google.firebase:firebase-analytics:12.0.0] AndroidManifest.xml:39:25-76
133            </intent-filter>
134        </receiver>
135
136        <service
136-->[com.google.firebase:firebase-analytics:12.0.0] AndroidManifest.xml:43:9-46:40
137            android:name="com.google.android.gms.measurement.AppMeasurementService"
137-->[com.google.firebase:firebase-analytics:12.0.0] AndroidManifest.xml:44:13-84
138            android:enabled="true"
138-->[com.google.firebase:firebase-analytics:12.0.0] AndroidManifest.xml:45:13-35
139            android:exported="false" />
139-->[com.google.firebase:firebase-analytics:12.0.0] AndroidManifest.xml:46:13-37
140        <service
140-->[com.google.firebase:firebase-analytics:12.0.0] AndroidManifest.xml:47:9-51:72
141            android:name="com.google.android.gms.measurement.AppMeasurementJobService"
141-->[com.google.firebase:firebase-analytics:12.0.0] AndroidManifest.xml:48:13-87
142            android:enabled="true"
142-->[com.google.firebase:firebase-analytics:12.0.0] AndroidManifest.xml:49:13-35
143            android:exported="false"
143-->[com.google.firebase:firebase-analytics:12.0.0] AndroidManifest.xml:50:13-37
144            android:permission="android.permission.BIND_JOB_SERVICE" />
144-->[com.google.firebase:firebase-analytics:12.0.0] AndroidManifest.xml:51:13-69
145
146        <receiver
146-->[com.google.firebase:firebase-iid:12.0.0] AndroidManifest.xml:35:9-44:20
147            android:name="com.google.firebase.iid.FirebaseInstanceIdReceiver"
147-->[com.google.firebase:firebase-iid:12.0.0] AndroidManifest.xml:36:13-78
148            android:exported="true"
148-->[com.google.firebase:firebase-iid:12.0.0] AndroidManifest.xml:37:13-36
149            android:permission="com.google.android.c2dm.permission.SEND" >
149-->[com.google.firebase:firebase-iid:12.0.0] AndroidManifest.xml:38:13-73
150            <intent-filter>
150-->[com.google.firebase:firebase-iid:12.0.0] AndroidManifest.xml:39:13-43:29
151                <action android:name="com.google.android.c2dm.intent.RECEIVE" />
151-->[com.google.firebase:firebase-iid:12.0.0] AndroidManifest.xml:40:17-81
151-->[com.google.firebase:firebase-iid:12.0.0] AndroidManifest.xml:40:25-78
152
153                <category android:name="org.nstu.bus_tracker" />
153-->[com.google.firebase:firebase-iid:12.0.0] AndroidManifest.xml:42:17-61
153-->[com.google.firebase:firebase-iid:12.0.0] AndroidManifest.xml:42:27-58
154            </intent-filter>
155        </receiver>
156        <!--
157             FirebaseInstanceIdService performs security checks at runtime,
158             no need for explicit permissions despite exported="true"
159        -->
160        <service
160-->[com.google.firebase:firebase-iid:12.0.0] AndroidManifest.xml:50:9-56:19
161            android:name="com.google.firebase.iid.FirebaseInstanceIdService"
161-->[com.google.firebase:firebase-iid:12.0.0] AndroidManifest.xml:51:13-77
162            android:exported="true" >
162-->[com.google.firebase:firebase-iid:12.0.0] AndroidManifest.xml:52:13-36
163            <intent-filter android:priority="-500" >
163-->[com.google.firebase:firebase-iid:12.0.0] AndroidManifest.xml:53:13-55:29
163-->[com.google.firebase:firebase-iid:12.0.0] AndroidManifest.xml:53:28-51
164                <action android:name="com.google.firebase.INSTANCE_ID_EVENT" />
164-->[com.google.firebase:firebase-iid:12.0.0] AndroidManifest.xml:54:17-80
164-->[com.google.firebase:firebase-iid:12.0.0] AndroidManifest.xml:54:25-77
165            </intent-filter>
166        </service>
167
168        <provider
168-->[com.google.firebase:firebase-common:12.0.0] AndroidManifest.xml:8:9-12:39
169            android:name="com.google.firebase.provider.FirebaseInitProvider"
169-->[com.google.firebase:firebase-common:12.0.0] AndroidManifest.xml:9:13-77
170            android:authorities="org.nstu.bus_tracker.firebaseinitprovider"
170-->[com.google.firebase:firebase-common:12.0.0] AndroidManifest.xml:10:13-72
171            android:exported="false"
171-->[com.google.firebase:firebase-common:12.0.0] AndroidManifest.xml:11:13-37
172            android:initOrder="100" />
172-->[com.google.firebase:firebase-common:12.0.0] AndroidManifest.xml:12:13-36
173
174        <activity
174-->[com.google.android.gms:play-services-base:12.0.0] AndroidManifest.xml:23:9-26:75
175            android:name="com.google.android.gms.common.api.GoogleApiActivity"
175-->[com.google.android.gms:play-services-base:12.0.0] AndroidManifest.xml:24:13-79
176            android:exported="false"
176-->[com.google.android.gms:play-services-base:12.0.0] AndroidManifest.xml:25:13-37
177            android:theme="@android:style/Theme.Translucent.NoTitleBar" /> <!-- Include the AdActivity and InAppPurchaseActivity configChanges and themes. -->
177-->[com.google.android.gms:play-services-base:12.0.0] AndroidManifest.xml:26:13-72
178        <activity
178-->[com.google.android.gms:play-services-ads-lite:12.0.0] AndroidManifest.xml:29:9-33:64
179            android:name="com.google.android.gms.ads.AdActivity"
179-->[com.google.android.gms:play-services-ads-lite:12.0.0] AndroidManifest.xml:30:13-65
180            android:configChanges="keyboard|keyboardHidden|orientation|screenLayout|uiMode|screenSize|smallestScreenSize"
180-->[com.google.android.gms:play-services-ads-lite:12.0.0] AndroidManifest.xml:31:13-122
181            android:exported="false"
181-->[com.google.android.gms:play-services-ads-lite:12.0.0] AndroidManifest.xml:32:13-37
182            android:theme="@android:style/Theme.Translucent" />
182-->[com.google.android.gms:play-services-ads-lite:12.0.0] AndroidManifest.xml:33:13-61
183
184        <meta-data
184-->[com.google.android.gms:play-services-basement:12.0.0] AndroidManifest.xml:23:9-25:69
185            android:name="com.google.android.gms.version"
185-->[com.google.android.gms:play-services-basement:12.0.0] AndroidManifest.xml:24:13-58
186            android:value="@integer/google_play_services_version" />
186-->[com.google.android.gms:play-services-basement:12.0.0] AndroidManifest.xml:25:13-66
187    </application>
188
189</manifest>